#
# A fatal error has been detected by the Java Runtime Environment:
#
#  Internal Error (bytecodeInfo.cpp:676), pid=138520, tid=181964
#  guarantee(sub != NULL) failed: should be a sub-ilt here
#
# JRE version: Java(TM) SE Runtime Environment (8.0_91-b15) (build 1.8.0_91-b15)
# Java VM: Java HotSpot(TM) 64-Bit Server VM (25.91-b15 mixed mode windows-amd64 compressed oops)
# Failed to write core dump. Minidumps are not enabled by default on client versions of Windows
#
# If you would like to submit a bug report, please visit:
#   http://bugreport.java.com/bugreport/crash.jsp
#

---------------  T H R E A D  ---------------

Current thread (0x0000000018e4b000):  JavaThread "C2 CompilerThread1" daemon [_thread_in_native, id=181964, stack(0x0000000019540000,0x0000000019640000)]

Stack: [0x0000000019540000,0x0000000019640000]
[error occurred during error reporting (printing stack bounds), id 0xc0000005]

Native frames: (J=compiled Java code, j=interpreted, Vv=VM code, C=native code)


Current CompileTask:
C2:  16350 4177   !   4       org.springframework.util.ClassUtils::getMostSpecificMethod (76 bytes)


---------------  P R O C E S S  ---------------

Java Threads: ( => current thread )
  0x0000000019d09000 JavaThread "container-0" [_thread_blocked, id=167056, stack(0x0000000020250000,0x0000000020350000)]
  0x000000001b2e2800 JavaThread "ContainerBackgroundProcessor[StandardEngine[Tomcat]]" daemon [_thread_blocked, id=189152, stack(0x0000000020150000,0x0000000020250000)]
  0x000000001e2c8000 JavaThread "localhost-startStop-1" daemon [_thread_blocked, id=182480, stack(0x0000000020050000,0x0000000020150000)]
  0x000000001dc24800 JavaThread "Tomcat-startStop-1" daemon [_thread_blocked, id=155768, stack(0x000000001ff50000,0x0000000020050000)]
  0x0000000019d08800 JavaThread "JMX server connection timeout 17" daemon [_thread_blocked, id=181684, stack(0x000000001ab10000,0x000000001ac10000)]
  0x0000000019d02000 JavaThread "RMI TCP Connection(2)-192.168.5.138" daemon [_thread_in_native, id=168088, stack(0x000000001aa10000,0x000000001ab10000)]
  0x0000000019cb5000 JavaThread "RMI Scheduler(0)" daemon [_thread_blocked, id=186644, stack(0x000000001a910000,0x000000001aa10000)]
  0x0000000019c28000 JavaThread "RMI TCP Connection(1)-127.0.0.1" daemon [_thread_in_native, id=181672, stack(0x000000001a810000,0x000000001a910000)]
  0x00000000199a5000 JavaThread "RMI TCP Accept-0" daemon [_thread_in_native, id=145992, stack(0x000000001a240000,0x000000001a340000)]
  0x000000001999e800 JavaThread "RMI TCP Accept-64114" daemon [_thread_in_native, id=176700, stack(0x000000001a140000,0x000000001a240000)]
  0x000000001998e000 JavaThread "RMI TCP Accept-0" daemon [_thread_in_native, id=177408, stack(0x000000001a040000,0x000000001a140000)]
  0x0000000018ecf000 JavaThread "Service Thread" daemon [_thread_blocked, id=186828, stack(0x0000000019740000,0x0000000019840000)]
  0x0000000018e53800 JavaThread "C1 CompilerThread2" daemon [_thread_blocked, id=185932, stack(0x0000000019640000,0x0000000019740000)]
=>0x0000000018e4b000 JavaThread "C2 CompilerThread1" daemon [_thread_in_native, id=181964, stack(0x0000000019540000,0x0000000019640000)]
  0x0000000018e49000 JavaThread "C2 CompilerThread0" daemon [_thread_in_native, id=189504, stack(0x0000000019440000,0x0000000019540000)]
  0x0000000018e48800 JavaThread "Attach Listener" daemon [_thread_blocked, id=186676, stack(0x0000000019340000,0x0000000019440000)]
  0x0000000017a51000 JavaThread "Signal Dispatcher" daemon [_thread_blocked, id=105296, stack(0x0000000019240000,0x0000000019340000)]
  0x0000000017a28800 JavaThread "Finalizer" daemon [_thread_blocked, id=188176, stack(0x0000000018cb0000,0x0000000018db0000)]
  0x0000000002ed4000 JavaThread "Reference Handler" daemon [_thread_blocked, id=188928, stack(0x0000000018bb0000,0x0000000018cb0000)]
  0x0000000002de4000 JavaThread "main" [_thread_in_Java, id=188824, stack(0x0000000002c60000,0x0000000002d60000)]

Other Threads:
  0x0000000017a07000 VMThread [stack: 0x0000000018ab0000,0x0000000018bb0000] [id=187268]
  0x00000000199ad800 WatcherThread [stack: 0x000000001a340000,0x000000001a440000] [id=187172]

VM state:not at safepoint (normal execution)

VM Mutex/Monitor currently owned by a thread: None

Heap:
 PSYoungGen      total 95744K, used 48548K [0x00000000d5d00000, 0x00000000dde00000, 0x0000000100000000)
  eden space 80896K, 53% used [0x00000000d5d00000,0x00000000d8702c18,0x00000000dac00000)
  from space 14848K, 37% used [0x00000000dac00000,0x00000000db1664b0,0x00000000dba80000)
  to   space 14848K, 0% used [0x00000000dcf80000,0x00000000dcf80000,0x00000000dde00000)
 ParOldGen       total 108032K, used 19392K [0x0000000081600000, 0x0000000087f80000, 0x00000000d5d00000)
  object space 108032K, 17% used [0x0000000081600000,0x00000000828f01e0,0x0000000087f80000)
 Metaspace       used 39343K, capacity 39882K, committed 40064K, reserved 1085440K
  class space    used 4804K, capacity 4904K, committed 4992K, reserved 1048576K

Card table byte_map: [0x00000000122a0000,0x00000000126a0000] byte_map_base: 0x0000000011e95000

Marking Bits: (ParMarkBitMap*) 0x00000000715b2f70
 Begin Bits: [0x0000000012d50000, 0x0000000014cf8000)
 End Bits:   [0x0000000014cf8000, 0x0000000016ca0000)

Polling page: 0x0000000001050000

CodeCache: size=245760Kb used=14837Kb max_used=14848Kb free=230922Kb
 bounds [0x0000000002ee0000, 0x0000000003d70000, 0x0000000011ee0000]
 total_blobs=4412 nmethods=3742 adapters=582
 compilation: enabled

Compilation events (10 events):
Event: 16.290 Thread 0x0000000018e4b000 nmethod 4159 0x0000000003d56750 code [0x0000000003d568a0, 0x0000000003d569f8]
Event: 16.290 Thread 0x0000000018e4b000 4174       4       java.lang.reflect.Method::getDeclaredAnnotations (5 bytes)
Event: 16.304 Thread 0x0000000018e4b000 nmethod 4174 0x0000000003d6eb50 code [0x0000000003d6ece0, 0x0000000003d6f168]
Event: 16.304 Thread 0x0000000018e4b000 4152       4       java.lang.Class$MethodArray::<init> (38 bytes)
Event: 16.306 Thread 0x0000000018e4b000 nmethod 4152 0x0000000003d51010 code [0x0000000003d51160, 0x0000000003d51298]
Event: 16.306 Thread 0x0000000018e4b000 4115       4       java.lang.reflect.Modifier::isAbstract (14 bytes)
Event: 16.307 Thread 0x0000000018e4b000 nmethod 4115 0x0000000003b18010 code [0x0000000003b18140, 0x0000000003b18198]
Event: 16.307 Thread 0x0000000018e4b000 4165       4       java.lang.reflect.Method::getGenericInfo (27 bytes)
Event: 16.309 Thread 0x0000000018e4b000 nmethod 4165 0x0000000003d50d10 code [0x0000000003d50e60, 0x0000000003d50f38]
Event: 16.317 Thread 0x0000000018e4b000 4177   !   4       org.springframework.util.ClassUtils::getMostSpecificMethod (76 bytes)

GC Heap History (10 events):
Event: 9.678 GC heap before
{Heap before GC invocations=7 (full 1):
 PSYoungGen      total 67072K, used 67054K [0x00000000d5d00000, 0x00000000dac80000, 0x0000000100000000)
  eden space 61952K, 100% used [0x00000000d5d00000,0x00000000d9980000,0x00000000d9980000)
  from space 5120K, 99% used [0x00000000d9d00000,0x00000000da1fbb50,0x00000000da200000)
  to   space 9728K, 0% used [0x00000000da300000,0x00000000da300000,0x00000000dac80000)
 ParOldGen       total 66560K, used 8757K [0x0000000081600000, 0x0000000085700000, 0x00000000d5d00000)
  object space 66560K, 13% used [0x0000000081600000,0x0000000081e8d5f8,0x0000000085700000)
 Metaspace       used 28860K, capacity 29280K, committed 29568K, reserved 1075200K
  class space    used 3525K, capacity 3639K, committed 3712K, reserved 1048576K
Event: 9.698 GC heap after
Heap after GC invocations=7 (full 1):
 PSYoungGen      total 71168K, used 7919K [0x00000000d5d00000, 0x00000000dc100000, 0x0000000100000000)
  eden space 61440K, 0% used [0x00000000d5d00000,0x00000000d5d00000,0x00000000d9900000)
  from space 9728K, 81% used [0x00000000da300000,0x00000000daabbca8,0x00000000dac80000)
  to   space 10240K, 0% used [0x00000000d9900000,0x00000000d9900000,0x00000000da300000)
 ParOldGen       total 66560K, used 8765K [0x0000000081600000, 0x0000000085700000, 0x00000000d5d00000)
  object space 66560K, 13% used [0x0000000081600000,0x0000000081e8f5f8,0x0000000085700000)
 Metaspace       used 28860K, capacity 29280K, committed 29568K, reserved 1075200K
  class space    used 3525K, capacity 3639K, committed 3712K, reserved 1048576K
}
Event: 11.752 GC heap before
{Heap before GC invocations=8 (full 1):
 PSYoungGen      total 71168K, used 69359K [0x00000000d5d00000, 0x00000000dc100000, 0x0000000100000000)
  eden space 61440K, 100% used [0x00000000d5d00000,0x00000000d9900000,0x00000000d9900000)
  from space 9728K, 81% used [0x00000000da300000,0x00000000daabbca8,0x00000000dac80000)
  to   space 10240K, 0% used [0x00000000d9900000,0x00000000d9900000,0x00000000da300000)
 ParOldGen       total 66560K, used 8765K [0x0000000081600000, 0x0000000085700000, 0x00000000d5d00000)
  object space 66560K, 13% used [0x0000000081600000,0x0000000081e8f5f8,0x0000000085700000)
 Metaspace       used 32416K, capacity 32842K, committed 33024K, reserved 1079296K
  class space    used 3989K, capacity 4094K, committed 4096K, reserved 1048576K
Event: 11.781 GC heap after
Heap after GC invocations=8 (full 1):
 PSYoungGen      total 71680K, used 10215K [0x00000000d5d00000, 0x00000000dc800000, 0x0000000100000000)
  eden space 61440K, 0% used [0x00000000d5d00000,0x00000000d5d00000,0x00000000d9900000)
  from space 10240K, 99% used [0x00000000d9900000,0x00000000da2f9ed0,0x00000000da300000)
  to   space 13824K, 0% used [0x00000000dba80000,0x00000000dba80000,0x00000000dc800000)
 ParOldGen       total 66560K, used 13216K [0x0000000081600000, 0x0000000085700000, 0x00000000d5d00000)
  object space 66560K, 19% used [0x0000000081600000,0x00000000822e8110,0x0000000085700000)
 Metaspace       used 32416K, capacity 32842K, committed 33024K, reserved 1079296K
  class space    used 3989K, capacity 4094K, committed 4096K, reserved 1048576K
}
Event: 12.342 GC heap before
{Heap before GC invocations=9 (full 1):
 PSYoungGen      total 71680K, used 32609K [0x00000000d5d00000, 0x00000000dc800000, 0x0000000100000000)
  eden space 61440K, 36% used [0x00000000d5d00000,0x00000000d72de890,0x00000000d9900000)
  from space 10240K, 99% used [0x00000000d9900000,0x00000000da2f9ed0,0x00000000da300000)
  to   space 13824K, 0% used [0x00000000dba80000,0x00000000dba80000,0x00000000dc800000)
 ParOldGen       total 66560K, used 13216K [0x0000000081600000, 0x0000000085700000, 0x00000000d5d00000)
  object space 66560K, 19% used [0x0000000081600000,0x00000000822e8110,0x0000000085700000)
 Metaspace       used 34910K, capacity 35306K, committed 35456K, reserved 1081344K
  class space    used 4323K, capacity 4446K, committed 4480K, reserved 1048576K
Event: 12.369 GC heap after
Heap after GC invocations=9 (full 1):
 PSYoungGen      total 94720K, used 11731K [0x00000000d5d00000, 0x00000000dd180000, 0x0000000100000000)
  eden space 80896K, 0% used [0x00000000d5d00000,0x00000000d5d00000,0x00000000dac00000)
  from space 13824K, 84% used [0x00000000dba80000,0x00000000dc5f4f28,0x00000000dc800000)
  to   space 14848K, 0% used [0x00000000dac00000,0x00000000dac00000,0x00000000dba80000)
 ParOldGen       total 66560K, used 13224K [0x0000000081600000, 0x0000000085700000, 0x00000000d5d00000)
  object space 66560K, 19% used [0x0000000081600000,0x00000000822ea110,0x0000000085700000)
 Metaspace       used 34910K, capacity 35306K, committed 35456K, reserved 1081344K
  class space    used 4323K, capacity 4446K, committed 4480K, reserved 1048576K
}
Event: 12.369 GC heap before
{Heap before GC invocations=10 (full 2):
 PSYoungGen      total 94720K, used 11731K [0x00000000d5d00000, 0x00000000dd180000, 0x0000000100000000)
  eden space 80896K, 0% used [0x00000000d5d00000,0x00000000d5d00000,0x00000000dac00000)
  from space 13824K, 84% used [0x00000000dba80000,0x00000000dc5f4f28,0x00000000dc800000)
  to   space 14848K, 0% used [0x00000000dac00000,0x00000000dac00000,0x00000000dba80000)
 ParOldGen       total 66560K, used 13224K [0x0000000081600000, 0x0000000085700000, 0x00000000d5d00000)
  object space 66560K, 19% used [0x0000000081600000,0x00000000822ea110,0x0000000085700000)
 Metaspace       used 34910K, capacity 35306K, committed 35456K, reserved 1081344K
  class space    used 4323K, capacity 4446K, committed 4480K, reserved 1048576K
Event: 12.562 GC heap after
Heap after GC invocations=10 (full 2):
 PSYoungGen      total 94720K, used 0K [0x00000000d5d00000, 0x00000000dd180000, 0x0000000100000000)
  eden space 80896K, 0% used [0x00000000d5d00000,0x00000000d5d00000,0x00000000dac00000)
  from space 13824K, 0% used [0x00000000dba80000,0x00000000dba80000,0x00000000dc800000)
  to   space 14848K, 0% used [0x00000000dac00000,0x00000000dac00000,0x00000000dba80000)
 ParOldGen       total 108032K, used 19392K [0x0000000081600000, 0x0000000087f80000, 0x00000000d5d00000)
  object space 108032K, 17% used [0x0000000081600000,0x00000000828f01e0,0x0000000087f80000)
 Metaspace       used 34910K, capacity 35306K, committed 35456K, reserved 1081344K
  class space    used 4323K, capacity 4446K, committed 4480K, reserved 1048576K
}
Event: 14.842 GC heap before
{Heap before GC invocations=11 (full 2):
 PSYoungGen      total 94720K, used 80896K [0x00000000d5d00000, 0x00000000dd180000, 0x0000000100000000)
  eden space 80896K, 100% used [0x00000000d5d00000,0x00000000dac00000,0x00000000dac00000)
  from space 13824K, 0% used [0x00000000dba80000,0x00000000dba80000,0x00000000dc800000)
  to   space 14848K, 0% used [0x00000000dac00000,0x00000000dac00000,0x00000000dba80000)
 ParOldGen       total 108032K, used 19392K [0x0000000081600000, 0x0000000087f80000, 0x00000000d5d00000)
  object space 108032K, 17% used [0x0000000081600000,0x00000000828f01e0,0x0000000087f80000)
 Metaspace       used 37193K, capacity 37690K, committed 38016K, reserved 1083392K
  class space    used 4608K, capacity 4726K, committed 4736K, reserved 1048576K
Event: 14.874 GC heap after
Heap after GC invocations=11 (full 2):
 PSYoungGen      total 95744K, used 5529K [0x00000000d5d00000, 0x00000000dde00000, 0x0000000100000000)
  eden space 80896K, 0% used [0x00000000d5d00000,0x00000000d5d00000,0x00000000dac00000)
  from space 14848K, 37% used [0x00000000dac00000,0x00000000db1664b0,0x00000000dba80000)
  to   space 14848K, 0% used [0x00000000dcf80000,0x00000000dcf80000,0x00000000dde00000)
 ParOldGen       total 108032K, used 19392K [0x0000000081600000, 0x0000000087f80000, 0x00000000d5d00000)
  object space 108032K, 17% used [0x0000000081600000,0x00000000828f01e0,0x0000000087f80000)
 Metaspace       used 37193K, capacity 37690K, committed 38016K, reserved 1083392K
  class space    used 4608K, capacity 4726K, committed 4736K, reserved 1048576K
}

Deoptimization events (10 events):
Event: 13.344 Thread 0x0000000002de4000 Uncommon trap: reason=unstable_if action=reinterpret pc=0x00000000038e6e60 method=java.util.concurrent.ConcurrentHashMap.putVal(Ljava/lang/Object;Ljava/lang/Object;Z)Ljava/lang/Object; @ 331
Event: 13.346 Thread 0x0000000002de4000 Uncommon trap: reason=unstable_if action=reinterpret pc=0x000000000305546c method=java.util.concurrent.ConcurrentHashMap.get(Ljava/lang/Object;)Ljava/lang/Object; @ 86
Event: 14.401 Thread 0x0000000002de4000 Uncommon trap: reason=unstable_if action=reinterpret pc=0x0000000003ac60dc method=org.springframework.beans.factory.support.AbstractBeanFactory.isTypeMatch(Ljava/lang/String;Lorg/springframework/core/ResolvableType;)Z @ 478
Event: 14.559 Thread 0x0000000002de4000 Uncommon trap: reason=unstable_if action=reinterpret pc=0x000000000381d864 method=java.util.concurrent.ConcurrentHashMap.transfer([Ljava/util/concurrent/ConcurrentHashMap$Node;[Ljava/util/concurrent/ConcurrentHashMap$Node;)V @ 356
Event: 14.559 Thread 0x0000000002de4000 Uncommon trap: reason=unstable_if action=reinterpret pc=0x00000000036781d0 method=java.util.concurrent.ConcurrentHashMap.transfer([Ljava/util/concurrent/ConcurrentHashMap$Node;[Ljava/util/concurrent/ConcurrentHashMap$Node;)V @ 356
Event: 15.812 Thread 0x0000000002de4000 Uncommon trap: reason=bimorphic action=maybe_recompile pc=0x000000000394b6cc method=java.lang.ClassLoader.loadClass(Ljava/lang/String;Z)Ljava/lang/Class; @ 2
Event: 15.812 Thread 0x0000000002de4000 Uncommon trap: reason=bimorphic action=maybe_recompile pc=0x000000000394b6cc method=java.lang.ClassLoader.loadClass(Ljava/lang/String;Z)Ljava/lang/Class; @ 2
Event: 15.812 Thread 0x0000000002de4000 Uncommon trap: reason=bimorphic action=maybe_recompile pc=0x000000000394b6cc method=java.lang.ClassLoader.loadClass(Ljava/lang/String;Z)Ljava/lang/Class; @ 2
Event: 15.813 Thread 0x0000000002de4000 Uncommon trap: reason=bimorphic action=maybe_recompile pc=0x000000000394b6cc method=java.lang.ClassLoader.loadClass(Ljava/lang/String;Z)Ljava/lang/Class; @ 2
Event: 15.911 Thread 0x0000000002de4000 Uncommon trap: reason=null_check action=make_not_entrant pc=0x0000000003cfa19c method=org.springframework.core.annotation.AnnotatedElementUtils.searchWithFindSemantics(Ljava/lang/reflect/AnnotatedElement;Ljava/lang/Class;Ljava/lang/String;Ljava/lang/Class;"ﬂÄU!∞*@

Internal exceptions (10 events):
Event: 16.255 Thread 0x0000000002de4000 Exception <a 'java/lang/ClassNotFoundException': org/springframework/beans/factory/BeanFactoryAwareCustomizer> (0x00000000d836d628) thrown at [C:\re\workspace\8-2-build-windows-amd64-cygwin\jdk8u91\7017\hotspot\src\share\vm\classfile\systemDictionary.cpp, ß€Ç?pF0@
Event: 16.275 Thread 0x0000000002de4000 Exception <a 'java/lang/ClassNotFoundException': java/lang/ObjectCustomizer> (0x00000000d843d8e8) thrown at [C:\re\workspace\8-2-build-windows-amd64-cygwin\jdk8u91\7017\hotspot\src\share\vm\classfile\systemDictionary.cpp, line 210]
Event: 16.276 Thread 0x0000000002de4000 Exception <a 'java/lang/ClassNotFoundException': org/springframework/jmx/export/naming/MetadataNamingStrategyCustomizer> (0x00000000d8454768) thrown at [C:\re\workspace\8-2-build-windows-amd64-cygwin\jdk8u91\7017\hotspot\src\share\vm\classfile\systemDictioåπ£©G0@
Event: 16.277 Thread 0x0000000002de4000 Exception <a 'java/lang/ClassNotFoundException': org/springframework/boot/autoconfigure/jmx/ParentAwareNamingStrategyCustomizer> (0x00000000d846d8a8) thrown at [C:\re\workspace\8-2-build-windows-amd64-cygwin\jdk8u91\7017\hotspot\src\share\vm\classfile\syst—∑¨l^G0@
Event: 16.279 Thread 0x0000000002de4000 Exception <a 'java/lang/ClassNotFoundException': org/springframework/context/ApplicationContextAwareCustomizer> (0x00000000d8487630) thrown at [C:\re\workspace\8-2-build-windows-amd64-cygwin\jdk8u91\7017\hotspot\src\share\vm\classfile\systemDictionary.cpp,éjÅ—õG0@
Event: 16.280 Thread 0x0000000002de4000 Exception <a 'java/lang/ClassNotFoundException': org/springframework/jmx/export/naming/ObjectNamingStrategyCustomizer> (0x00000000d849bcb0) thrown at [C:\re\workspace\8-2-build-windows-amd64-cygwin\jdk8u91\7017\hotspot\src\share\vm\classfile\systemDictionaçzı–G0@
Event: 16.281 Thread 0x0000000002de4000 Exception <a 'java/lang/ClassNotFoundException': org/springframework/beans/factory/InitializingBeanCustomizer> (0x00000000d84ae2a8) thrown at [C:\re\workspace\8-2-build-windows-amd64-cygwin\jdk8u91\7017\hotspot\src\share\vm\classfile\systemDictionary.cpp, S9˝ÆrT0@
Event: 16.330 Thread 0x0000000002de4000 Exception <a 'java/lang/ClassNotFoundException': java/lang/ObjectCustomizer> (0x00000000d8578f98) thrown at [C:\re\workspace\8-2-build-windows-amd64-cygwin\jdk8u91\7017\hotspot\src\share\vm\classfile\systemDictionary.cpp, line 210]
Event: 16.331 Thread 0x0000000002de4000 Exception <a 'java/lang/ClassNotFoundException': com/sun/jmx/mbeanserver/JmxMBeanServerCustomizer> (0x00000000d85847f0) thrown at [C:\re\workspace\8-2-build-windows-amd64-cygwin\jdk8u91\7017\hotspot\src\share\vm\classfile\systemDictionary.cpp, line 210]
Event: 16.333 Thread 0x0000000002de4000 Exception <a 'java/lang/ClassNotFoundException': com/sun/jmx/mbeanserver/SunJmxMBeanServerCustomizer> (0x00000000d85bea00) thrown at [C:\re\workspace\8-2-build-windows-amd64-cygwin\jdk8u91\7017\hotspot\src\share\vm\classfile\systemDictionary.cpp, line 210]

Events (10 events):
Event: 16.330 loading class com/sun/jmx/mbeanserver/JmxMBeanServerCustomizer
Event: 16.330 loading class com/sun/jmx/mbeanserver/JmxMBeanServerCustomizer done
Event: 16.331 loading class com/sun/jmx/mbeanserver/JmxMBeanServerCustomizer
Event: 16.331 loading class com/sun/jmx/mbeanserver/JmxMBeanServerCustomizer done
Event: 16.332 loading class com/sun/jmx/mbeanserver/SunJmxMBeanServerCustomizer
Event: 16.332 loading class com/sun/jmx/mbeanserver/SunJmxMBeanServerCustomizer done
Event: 16.333 loading class com/sun/jmx/mbeanserver/SunJmxMBeanServerCustomizer
Event: 16.333 loading class com/sun/jmx/mbeanserver/SunJmxMBeanServerCustomizer done
Event: 16.335 loading class org/springframework/jmx/export/MBeanExporterListener
Event: 16.335 loading class org/springframework/jmx/export/MBeanExporterListener done


Dynamic libraries:
0x00007ff6ed8e0000 - 0x00007ff6ed917000 	D:\dev_jlblog\tools\jdk1.8.0_91\bin\javaw.exe
0x00007ffa41720000 - 0x00007ffa418fb000 	C:\WINDOWS\SYSTEM32\ntdll.dll
0x00007ffa41610000 - 0x00007ffa416be000 	C:\WINDOWS\System32\KERNEL32.DLL
0x00007ffa3e110000 - 0x00007ffa3e359000 	C:\WINDOWS\System32\KERNELBASE.dll
0x00007ffa40370000 - 0x00007ffa40411000 	C:\WINDOWS\System32\ADVAPI32.dll
0x00007ffa40950000 - 0x00007ffa409ed000 	C:\WINDOWS\System32\msvcrt.dll
0x00007ffa40420000 - 0x00007ffa40479000 	C:\WINDOWS\System32\sechost.dll
0x00007ffa41020000 - 0x00007ffa41145000 	C:\WINDOWS\System32\RPCRT4.dll
0x00007ffa3ed80000 - 0x00007ffa3eeca000 	C:\WINDOWS\System32\USER32.dll
0x00007ffa3e0f0000 - 0x00007ffa3e10e000 	C:\WINDOWS\System32\win32u.dll
0x00007ffa413b0000 - 0x00007ffa413d7000 	C:\WINDOWS\System32\GDI32.dll
0x00007ffa3dc40000 - 0x00007ffa3ddc7000 	C:\WINDOWS\System32\gdi32full.dll
0x00007ffa3e050000 - 0x00007ffa3e0ea000 	C:\WINDOWS\System32\msvcp_win.dll
0x00007ffa3def0000 - 0x00007ffa3dfe6000 	C:\WINDOWS\System32\ucrtbase.dll
0x00007ffa398f0000 - 0x00007ffa39b57000 	C:\WINDOWS\WinSxS\amd64_microsoft.windows.common-controls_6595b64144ccf1df_6.0.15063.483_none_26002d27e7c744a2\COMCTL32.dll
0x00007ffa405f0000 - 0x00007ffa408e9000 	C:\WINDOWS\System32\combase.dll
0x00007ffa3ddd0000 - 0x00007ffa3de3a000 	C:\WINDOWS\System32\bcryptPrimitives.dll
0x00007ffa3ed50000 - 0x00007ffa3ed7d000 	C:\WINDOWS\System32\IMM32.DLL
0x0000000071640000 - 0x0000000071712000 	D:\dev_jlblog\tools\jdk1.8.0_91\jre\bin\msvcr100.dll
0x0000000070da0000 - 0x0000000071633000 	D:\dev_jlblog\tools\jdk1.8.0_91\jre\bin\server\jvm.dll
0x00007ffa41460000 - 0x00007ffa41468000 	C:\WINDOWS\System32\PSAPI.DLL
0x00007ffa35150000 - 0x00007ffa3515a000 	C:\WINDOWS\SYSTEM32\VERSION.dll
0x00007ffa35120000 - 0x00007ffa35143000 	C:\WINDOWS\SYSTEM32\WINMM.dll
0x00007ffa350f0000 - 0x00007ffa3511b000 	C:\WINDOWS\SYSTEM32\WINMMBASE.dll
0x00007ffa3e360000 - 0x00007ffa3e3a9000 	C:\WINDOWS\System32\cfgmgr32.dll
0x00007ffa34830000 - 0x00007ffa34839000 	C:\WINDOWS\SYSTEM32\WSOCK32.dll
0x00007ffa41330000 - 0x00007ffa4139c000 	C:\WINDOWS\System32\WS2_32.dll
0x0000000071b70000 - 0x0000000071b7f000 	D:\dev_jlblog\tools\jdk1.8.0_91\jre\bin\verify.dll
0x0000000070d70000 - 0x0000000070d99000 	D:\dev_jlblog\tools\jdk1.8.0_91\jre\bin\java.dll
0x0000000070d20000 - 0x0000000070d36000 	D:\dev_jlblog\tools\jdk1.8.0_91\jre\bin\zip.dll
0x00007ffa3eed0000 - 0x00007ffa40307000 	C:\WINDOWS\System32\SHELL32.dll
0x00007ffa3eca0000 - 0x00007ffa3ed4a000 	C:\WINDOWS\System32\shcore.dll
0x00007ffa3e580000 - 0x00007ffa3ec71000 	C:\WINDOWS\System32\windows.storage.dll
0x00007ffa408f0000 - 0x00007ffa40941000 	C:\WINDOWS\System32\shlwapi.dll
0x00007ffa3dc20000 - 0x00007ffa3dc31000 	C:\WINDOWS\System32\kernel.appcore.dll
0x00007ffa3dbb0000 - 0x00007ffa3dbfc000 	C:\WINDOWS\System32\powrprof.dll
0x00007ffa3dc00000 - 0x00007ffa3dc15000 	C:\WINDOWS\System32\profapi.dll
0x0000000070ca0000 - 0x0000000070cad000 	D:\dev_jlblog\tools\jdk1.8.0_91\jre\bin\management.dll
0x0000000070d00000 - 0x0000000070d1a000 	D:\dev_jlblog\tools\jdk1.8.0_91\jre\bin\net.dll
0x00007ffa3d440000 - 0x00007ffa3d49c000 	C:\WINDOWS\system32\mswsock.dll
0x0000000070ce0000 - 0x0000000070cf1000 	D:\dev_jlblog\tools\jdk1.8.0_91\jre\bin\nio.dll
0x00007ffa39d50000 - 0x00007ffa39d66000 	C:\WINDOWS\system32\napinsp.dll
0x00007ffa37d90000 - 0x00007ffa37daa000 	C:\WINDOWS\system32\pnrpnsp.dll
0x00007ffa39090000 - 0x00007ffa390a8000 	C:\WINDOWS\system32\NLAapi.dll
0x00007ffa3d220000 - 0x00007ffa3d2c4000 	C:\WINDOWS\SYSTEM32\DNSAPI.dll
0x00007ffa413a0000 - 0x00007ffa413a8000 	C:\WINDOWS\System32\NSI.dll
0x00007ffa3d1e0000 - 0x00007ffa3d217000 	C:\WINDOWS\SYSTEM32\IPHLPAPI.DLL
0x00007ffa3a4f0000 - 0x00007ffa3a4fe000 	C:\WINDOWS\System32\winrnr.dll
0x00007ffa1fa90000 - 0x00007ffa1faa5000 	C:\WINDOWS\System32\wshbth.dll
0x00007ffa34620000 - 0x00007ffa3462a000 	C:\Windows\System32\rasadhlp.dll
0x00007ffa369c0000 - 0x00007ffa36a2b000 	C:\WINDOWS\System32\fwpuclnt.dll
0x00007ffa3da60000 - 0x00007ffa3da85000 	C:\WINDOWS\SYSTEM32\bcrypt.dll
0x00007ffa3d5e0000 - 0x00007ffa3d5f7000 	C:\WINDOWS\SYSTEM32\CRYPTSP.dll
0x00007ffa3d060000 - 0x00007ffa3d094000 	C:\WINDOWS\system32\rsaenh.dll
0x00007ffa3da90000 - 0x00007ffa3dab9000 	C:\WINDOWS\SYSTEM32\USERENV.dll
0x00007ffa3d600000 - 0x00007ffa3d60b000 	C:\WINDOWS\SYSTEM32\CRYPTBASE.dll
0x00007ffa37070000 - 0x00007ffa37086000 	C:\WINDOWS\SYSTEM32\dhcpcsvc6.DLL
0x00007ffa38010000 - 0x00007ffa3802a000 	C:\WINDOWS\SYSTEM32\dhcpcsvc.DLL

VM Arguments:
jvm_args: -Dcom.sun.management.jmxremote -Dcom.sun.management.jmxremote.port=64114 -Dcom.sun.management.jmxremote.authenticate=false -Dcom.sun.management.jmxremote.ssl=false -Dspring.liveBeansView.mbeanDomain -Dspring.application.admin.enabled=true -Dfile.encoding=UTF-8 
java_command: me.jlblog.app.MybatisSpringBootApplication --spring.output.ansi.enabled=always
java_class_path (initial): C:\Users\Giung\git\mybatis-spring-boot\mybatis-spring-boot\target\classes;D:\dev_jlblog\maven\repository\org\springframework\boot\spring-boot-starter-freemarker\1.5.9.RELEASE\spring-boot-starter-freemarker-1.5.9.RELEASE.jar;D:\dev_jlblog\maven\repository\org\springframework\boot\spring-boot-starter\1.5.9.RELEASE\spring-boot-starter-1.5.9.RELEASE.jar;D:\dev_jlblog\maven\repository\org\springframework\boot\spring-boot\1.5.9.RELEASE\spring-boot-1.5.9.RELEASE.jar;D:\dev_jlblog\maven\repository\org\springframework\boot\spring-boot-autoconfigure\1.5.9.RELEASE\spring-boot-autoconfigure-1.5.9.RELEASE.jar;D:\dev_jlblog\maven\repository\org\springframework\boot\spring-boot-starter-logging\1.5.9.RELEASE\spring-boot-starter-logging-1.5.9.RELEASE.jar;D:\dev_jlblog\maven\repository\ch\qos\logback\logback-classic\1.1.11\logback-classic-1.1.11.jar;D:\dev_jlblog\maven\repository\ch\qos\logback\logback-core\1.1.11\logback-core-1.1.11.jar;D:\dev_jlblog\maven\repository\org\slf4j\jcl-over-slf4j\1.7.25\jcl-over-slf4j-1.7.25.jar;D:\dev_jlblog\maven\repository\org\slf4j\jul-to-slf4j\1.7.25\jul-to-slf4j-1.7.25.jar;D:\dev_jlblog\maven\repository\org\slf4j\log4j-over-slf4j\1.7.25\log4j-over-slf4j-1.7.25.jar;D:\dev_jlblog\maven\repository\org\yaml\snakeyaml\1.17\snakeyaml-1.17.jar;D:\dev_jlblog\maven\repository\org\freemarker\freemarker\2.3.27-incubating\freemarker-2.3.27-incubating.jar;D:\dev_jlblog\maven\repository\org\springframework\spring-context-support\4.3.13.RELEASE\spring-context-support-4.3.13.RELEASE.jar;D:\dev_jlblog\maven\repository\org\springframework\spring-beans\4.3.13.RELEASE\spring-beans-4.3.13.RELEASE.jar;D:\dev_jlblog\maven\repository\org\springframework\spring-context\4.3.13.RELEASE\spring-context-4.3.13.RELEASE.jar;D:\dev_jlblog\maven\repository\org\springframework\boot\spring-boot-starter-jdbc\1.5.9.RELEASE\spring-boot-starter-jdbc-1.5.9.RELEASE.jar;D:\dev_jlblog\maven\repository\org\apache\tomcat\tomcat-jdbc\8.5.23\tomcat-jdbc-8.5.23.jar;D:
Launcher Type: SUN_STANDARD

Environment Variables:
JAVA_HOME=C:\Program Files\Java\jdk1.8.0_131
PATH=D:\app\KITV-NB22\product\11.2.0\client_1;C:\ProgramData\Oracle\Java\javapath;C:\WINDOWS\system32;C:\WINDOWS;C:\WINDOWS\System32\Wbem;C:\WINDOWS\System32\WindowsPowerShell\v1.0\;C:\Program Files\Java\jdk1.8.0_131\bin;C:\Program Files\TortoiseSVN\bin;C:\Program Files\SlikSvn\bin;D:\intelliJ\bin\gradle-3.5\bin;C:\Program Files\Git\cmd;C:\Program Files\TortoiseGit\bin;C:\Program Files (x86)\GtkSharp\2.12\bin;C:\Program Files (x86)\Windows Kits\8.1\Windows Performance Toolkit\;C:\Users\Giung\AppData\Local\Programs\Python\Python36-32\Scripts\;C:\Users\Giung\AppData\Local\Programs\Python\Python36-32\;C:\Users\Giung\AppData\Local\Microsoft\WindowsApps;
USERNAME=KITV-NB22
OS=Windows_NT
PROCESSOR_IDENTIFIER=Intel64 Family 6 Model 61 Stepping 4, GenuineIntel



---------------  S Y S T E M  ---------------

OS: Windows 10.0 , 64 bit Build 15063 (10.0.15063.296)

CPU:total 4 (2 cores per cpu, 2 threads per core) family 6 model 61 stepping 4, cmov, cx8, fxsr, mmx, sse, sse2, sse3, ssse3, sse4.1, sse4.2, popcnt, avx, avx2, aes, clmul, erms, 3dnowpref, lzcnt, ht, tsc, tscinvbit, bmi1, bmi2, adx

Memory: 4k page, physical 8292268k(519392k free), swap 14835880k(3140380k free)

vm_info: Java HotSpot(TM) 64-Bit Server VM (25.91-b15) for windows-amd64 JRE (1.8.0_91-b15), built on May 20 2016 17:43:15 by "java_re" with MS VC++ 10.0 (VS2010)

time: Wed Jan 03 17:43:19 2018
elapsed time: 16 seconds (0d 0h 0m 16s)

